# JRE version: OpenJDK Runtime Environment Temurin-21.0.12.1+1 (21.0.12.1+1) (build 21.0.12.1+1-LTS)
# Java VM: OpenJDK 64-Bit Server VM Temurin-21.0.12.1+1 (21.0.12.1+1-LTS, mixed mode, sharing, tiered, compressed oops, compressed class ptrs, parallel gc, windows-amd64)
GC Precious Log:
 CardTable entry size: 512
 CPUs: 8 total, 8 available
 Memory: 12193M
 Large Page Support: Disabled
 NUMA Support: Disabled
 Compressed Oops: Enabled (Zero based)
 Alignments: Space 512K, Generation 512K, Heap 2M
 Heap Min Capacity: 100M
 Heap Initial Capacity: 100M
 Heap Max Capacity: 8G
 Pre-touch: Disabled
 Parallel Workers: 8
Heap:
 PSYoungGen      total 7680K, used 4027K [0x0000000755580000, 0x0000000756100000, 0x0000000800000000)
  eden space 4096K, 15% used [0x0000000755580000,0x0000000755623170,0x0000000755980000)
  from space 3584K, 94% used [0x0000000755d80000,0x00000007560cbb60,0x0000000756100000)
  to   space 3584K, 0% used [0x0000000755980000,0x0000000755980000,0x0000000755d00000)
 ParOldGen       total 5592576K, used 152129K [0x0000000600000000, 0x0000000755580000, 0x0000000755580000)
  object space 5592576K, 2% used [0x0000000600000000,0x0000000609490660,0x0000000755580000)
 Metaspace       used 78665K, committed 80128K, reserved 1179648K
  class space    used 7805K, committed 8448K, reserved 1048576K
GC Heap History (20 events):
Event: 465.001 GC heap before
{Heap before GC invocations=245 (full 6):
 PSYoungGen      total 8192K, used 8188K [0x0000000755580000, 0x0000000756500000, 0x0000000800000000)
  eden space 2560K, 100% used [0x0000000755580000,0x0000000755800000,0x0000000755800000)
  from space 5632K, 99% used [0x0000000755e00000,0x000000075637f150,0x0000000756380000)
  to   space 6144K, 0% used [0x0000000755800000,0x0000000755800000,0x0000000755e00000)
 ParOldGen       total 5592576K, used 145892K [0x0000000600000000, 0x0000000755580000, 0x0000000755580000)
  object space 5592576K, 2% used [0x0000000600000000,0x0000000608e793c0,0x0000000755580000)
 Metaspace       used 78618K, committed 80064K, reserved 1179648K
  class space    used 7805K, committed 8448K, reserved 1048576K
}
Event: 465.006 GC heap after
{Heap after GC invocations=245 (full 6):
 PSYoungGen      total 8704K, used 5191K [0x0000000755580000, 0x0000000756380000, 0x0000000800000000)
  eden space 2560K, 0% used [0x0000000755580000,0x0000000755580000,0x0000000755800000)
  from space 6144K, 84% used [0x0000000755800000,0x0000000755d11f10,0x0000000755e00000)
  to   space 5632K, 0% used [0x0000000755e00000,0x0000000755e00000,0x0000000756380000)
 ParOldGen       total 5592576K, used 146572K [0x0000000600000000, 0x0000000755580000, 0x0000000755580000)
  object space 5592576K, 2% used [0x0000000600000000,0x0000000608f23370,0x0000000755580000)
 Metaspace       used 78618K, committed 80064K, reserved 1179648K
  class space    used 7805K, committed 8448K, reserved 1048576K
}
Event: 465.029 GC heap before
{Heap before GC invocations=246 (full 6):
 PSYoungGen      total 8704K, used 7751K [0x0000000755580000, 0x0000000756380000, 0x0000000800000000)
  eden space 2560K, 100% used [0x0000000755580000,0x0000000755800000,0x0000000755800000)
  from space 6144K, 84% used [0x0000000755800000,0x0000000755d11f10,0x0000000755e00000)
  to   space 5632K, 0% used [0x0000000755e00000,0x0000000755e00000,0x0000000756380000)
 ParOldGen       total 5592576K, used 146572K [0x0000000600000000, 0x0000000755580000, 0x0000000755580000)
  object space 5592576K, 2% used [0x0000000600000000,0x0000000608f23370,0x0000000755580000)
 Metaspace       used 78618K, committed 80064K, reserved 1179648K
  class space    used 7805K, committed 8448K, reserved 1048576K
}
Event: 465.034 GC heap after
{Heap after GC invocations=246 (full 6):
 PSYoungGen      total 8704K, used 5423K [0x0000000755580000, 0x0000000756380000, 0x0000000800000000)
  eden space 3072K, 0% used [0x0000000755580000,0x0000000755580000,0x0000000755880000)
  from space 5632K, 96% used [0x0000000755e00000,0x000000075634bfe0,0x0000000756380000)
  to   space 5632K, 0% used [0x0000000755880000,0x0000000755880000,0x0000000755e00000)
 ParOldGen       total 5592576K, used 146572K [0x0000000600000000, 0x0000000755580000, 0x0000000755580000)
  object space 5592576K, 2% used [0x0000000600000000,0x0000000608f23370,0x0000000755580000)
 Metaspace       used 78618K, committed 80064K, reserved 1179648K
  class space    used 7805K, committed 8448K, reserved 1048576K
}
Event: 465.176 GC heap before
{Heap before GC invocations=247 (full 6):
 PSYoungGen      total 8704K, used 8495K [0x0000000755580000, 0x0000000756380000, 0x0000000800000000)
  eden space 3072K, 100% used [0x0000000755580000,0x0000000755880000,0x0000000755880000)
  from space 5632K, 96% used [0x0000000755e00000,0x000000075634bfe0,0x0000000756380000)
  to   space 5632K, 0% used [0x0000000755880000,0x0000000755880000,0x0000000755e00000)
 ParOldGen       total 5592576K, used 146572K [0x0000000600000000, 0x0000000755580000, 0x0000000755580000)
  object space 5592576K, 2% used [0x0000000600000000,0x0000000608f23370,0x0000000755580000)
 Metaspace       used 78620K, committed 80064K, reserved 1179648K
  class space    used 7805K, committed 8448K, reserved 1048576K
}
Event: 465.182 GC heap after
{Heap after GC invocations=247 (full 6):
 PSYoungGen      total 8192K, used 4712K [0x0000000755580000, 0x0000000756280000, 0x0000000800000000)
  eden space 3072K, 0% used [0x0000000755580000,0x0000000755580000,0x0000000755880000)
  from space 5120K, 92% used [0x0000000755880000,0x0000000755d1a3b0,0x0000000755d80000)
  to   space 5120K, 0% used [0x0000000755d80000,0x0000000755d80000,0x0000000756280000)
 ParOldGen       total 5592576K, used 147342K [0x0000000600000000, 0x0000000755580000, 0x0000000755580000)
  object space 5592576K, 2% used [0x0000000600000000,0x0000000608fe3aa0,0x0000000755580000)
 Metaspace       used 78620K, committed 80064K, reserved 1179648K
  class space    used 7805K, committed 8448K, reserved 1048576K
}
Event: 465.202 GC heap before
{Heap before GC invocations=248 (full 6):
 PSYoungGen      total 8192K, used 7784K [0x0000000755580000, 0x0000000756280000, 0x0000000800000000)
  eden space 3072K, 100% used [0x0000000755580000,0x0000000755880000,0x0000000755880000)
  from space 5120K, 92% used [0x0000000755880000,0x0000000755d1a3b0,0x0000000755d80000)
  to   space 5120K, 0% used [0x0000000755d80000,0x0000000755d80000,0x0000000756280000)
 ParOldGen       total 5592576K, used 147342K [0x0000000600000000, 0x0000000755580000, 0x0000000755580000)
  object space 5592576K, 2% used [0x0000000600000000,0x0000000608fe3aa0,0x0000000755580000)
 Metaspace       used 78620K, committed 80064K, reserved 1179648K
  class space    used 7805K, committed 8448K, reserved 1048576K
}
Event: 465.207 GC heap after
{Heap after GC invocations=248 (full 6):
 PSYoungGen      total 7680K, used 5096K [0x0000000755580000, 0x0000000756400000, 0x0000000800000000)
  eden space 2560K, 0% used [0x0000000755580000,0x0000000755580000,0x0000000755800000)
  from space 5120K, 99% used [0x0000000755d80000,0x000000075627a3b0,0x0000000756280000)
  to   space 5632K, 0% used [0x0000000755800000,0x0000000755800000,0x0000000755d80000)
 ParOldGen       total 5592576K, used 147542K [0x0000000600000000, 0x0000000755580000, 0x0000000755580000)
  object space 5592576K, 2% used [0x0000000600000000,0x0000000609015ac0,0x0000000755580000)
 Metaspace       used 78620K, committed 80064K, reserved 1179648K
  class space    used 7805K, committed 8448K, reserved 1048576K
}
Event: 465.235 GC heap before
{Heap before GC invocations=249 (full 6):
 PSYoungGen      total 7680K, used 7656K [0x0000000755580000, 0x0000000756400000, 0x0000000800000000)
  eden space 2560K, 100% used [0x0000000755580000,0x0000000755800000,0x0000000755800000)
  from space 5120K, 99% used [0x0000000755d80000,0x000000075627a3b0,0x0000000756280000)
  to   space 5632K, 0% used [0x0000000755800000,0x0000000755800000,0x0000000755d80000)
 ParOldGen       total 5592576K, used 147542K [0x0000000600000000, 0x0000000755580000, 0x0000000755580000)
  object space 5592576K, 2% used [0x0000000600000000,0x0000000609015ac0,0x0000000755580000)
 Metaspace       used 78620K, committed 80064K, reserved 1179648K
  class space    used 7805K, committed 8448K, reserved 1048576K
}
Event: 465.241 GC heap after
{Heap after GC invocations=249 (full 6):
 PSYoungGen      total 8192K, used 5345K [0x0000000755580000, 0x0000000756380000, 0x0000000800000000)
  eden space 2560K, 0% used [0x0000000755580000,0x0000000755580000,0x0000000755800000)
  from space 5632K, 94% used [0x0000000755800000,0x0000000755d38450,0x0000000755d80000)
  to   space 5632K, 0% used [0x0000000755e00000,0x0000000755e00000,0x0000000756380000)
 ParOldGen       total 5592576K, used 147902K [0x0000000600000000, 0x0000000755580000, 0x0000000755580000)
  object space 5592576K, 2% used [0x0000000600000000,0x000000060906fa50,0x0000000755580000)
 Metaspace       used 78620K, committed 80064K, reserved 1179648K
  class space    used 7805K, committed 8448K, reserved 1048576K
}
Event: 465.276 GC heap before
{Heap before GC invocations=250 (full 6):
 PSYoungGen      total 8192K, used 7905K [0x0000000755580000, 0x0000000756380000, 0x0000000800000000)
  eden space 2560K, 100% used [0x0000000755580000,0x0000000755800000,0x0000000755800000)
  from space 5632K, 94% used [0x0000000755800000,0x0000000755d38450,0x0000000755d80000)
  to   space 5632K, 0% used [0x0000000755e00000,0x0000000755e00000,0x0000000756380000)
 ParOldGen       total 5592576K, used 147902K [0x0000000600000000, 0x0000000755580000, 0x0000000755580000)
  object space 5592576K, 2% used [0x0000000600000000,0x000000060906fa50,0x0000000755580000)
 Metaspace       used 78622K, committed 80064K, reserved 1179648K
  class space    used 7805K, committed 8448K, reserved 1048576K
}
Event: 465.281 GC heap after
{Heap after GC invocations=250 (full 6):
 PSYoungGen      total 8192K, used 5620K [0x0000000755580000, 0x0000000756380000, 0x0000000800000000)
  eden space 2560K, 0% used [0x0000000755580000,0x0000000755580000,0x0000000755800000)
  from space 5632K, 99% used [0x0000000755e00000,0x000000075637d1f0,0x0000000756380000)
  to   space 5632K, 0% used [0x0000000755800000,0x0000000755800000,0x0000000755d80000)
 ParOldGen       total 5592576K, used 147934K [0x0000000600000000, 0x0000000755580000, 0x0000000755580000)
  object space 5592576K, 2% used [0x0000000600000000,0x0000000609077a50,0x0000000755580000)
 Metaspace       used 78622K, committed 80064K, reserved 1179648K
  class space    used 7805K, committed 8448K, reserved 1048576K
}
Event: 465.297 GC heap before
{Heap before GC invocations=251 (full 6):
 PSYoungGen      total 8192K, used 8180K [0x0000000755580000, 0x0000000756380000, 0x0000000800000000)
  eden space 2560K, 100% used [0x0000000755580000,0x0000000755800000,0x0000000755800000)
  from space 5632K, 99% used [0x0000000755e00000,0x000000075637d1f0,0x0000000756380000)
  to   space 5632K, 0% used [0x0000000755800000,0x0000000755800000,0x0000000755d80000)
 ParOldGen       total 5592576K, used 147934K [0x0000000600000000, 0x0000000755580000, 0x0000000755580000)
  object space 5592576K, 2% used [0x0000000600000000,0x0000000609077a50,0x0000000755580000)
 Metaspace       used 78623K, committed 80064K, reserved 1179648K
  class space    used 7805K, committed 8448K, reserved 1048576K
}
Event: 465.305 GC heap after
{Heap after GC invocations=251 (full 6):
 PSYoungGen      total 8192K, used 5156K [0x0000000755580000, 0x0000000756380000, 0x0000000800000000)
  eden space 2560K, 0% used [0x0000000755580000,0x0000000755580000,0x0000000755800000)
  from space 5632K, 91% used [0x0000000755800000,0x0000000755d091a0,0x0000000755d80000)
  to   space 5632K, 0% used [0x0000000755e00000,0x0000000755e00000,0x0000000756380000)
 ParOldGen       total 5592576K, used 149141K [0x0000000600000000, 0x0000000755580000, 0x0000000755580000)
  object space 5592576K, 2% used [0x0000000600000000,0x00000006091a5520,0x0000000755580000)
 Metaspace       used 78623K, committed 80064K, reserved 1179648K
  class space    used 7805K, committed 8448K, reserved 1048576K
}
Event: 465.318 GC heap before
{Heap before GC invocations=252 (full 6):
 PSYoungGen      total 8192K, used 7716K [0x0000000755580000, 0x0000000756380000, 0x0000000800000000)
  eden space 2560K, 100% used [0x0000000755580000,0x0000000755800000,0x0000000755800000)
  from space 5632K, 91% used [0x0000000755800000,0x0000000755d091a0,0x0000000755d80000)
  to   space 5632K, 0% used [0x0000000755e00000,0x0000000755e00000,0x0000000756380000)
 ParOldGen       total 5592576K, used 149141K [0x0000000600000000, 0x0000000755580000, 0x0000000755580000)
  object space 5592576K, 2% used [0x0000000600000000,0x00000006091a5520,0x0000000755580000)
 Metaspace       used 78623K, committed 80064K, reserved 1179648K
  class space    used 7805K, committed 8448K, reserved 1048576K
}
Event: 465.321 GC heap after
{Heap after GC invocations=252 (full 6):
 PSYoungGen      total 8704K, used 5477K [0x0000000755580000, 0x0000000756380000, 0x0000000800000000)
  eden space 3072K, 0% used [0x0000000755580000,0x0000000755580000,0x0000000755880000)
  from space 5632K, 97% used [0x0000000755e00000,0x0000000756359600,0x0000000756380000)
  to   space 5632K, 0% used [0x0000000755880000,0x0000000755880000,0x0000000755e00000)
 ParOldGen       total 5592576K, used 149141K [0x0000000600000000, 0x0000000755580000, 0x0000000755580000)
  object space 5592576K, 2% used [0x0000000600000000,0x00000006091a5520,0x0000000755580000)
 Metaspace       used 78623K, committed 80064K, reserved 1179648K
  class space    used 7805K, committed 8448K, reserved 1048576K
}
Event: 465.347 GC heap before
{Heap before GC invocations=253 (full 6):
 PSYoungGen      total 8704K, used 8549K [0x0000000755580000, 0x0000000756380000, 0x0000000800000000)
  eden space 3072K, 100% used [0x0000000755580000,0x0000000755880000,0x0000000755880000)
  from space 5632K, 97% used [0x0000000755e00000,0x0000000756359600,0x0000000756380000)
  to   space 5632K, 0% used [0x0000000755880000,0x0000000755880000,0x0000000755e00000)
 ParOldGen       total 5592576K, used 149141K [0x0000000600000000, 0x0000000755580000, 0x0000000755580000)
  object space 5592576K, 2% used [0x0000000600000000,0x00000006091a5520,0x0000000755580000)
 Metaspace       used 78637K, committed 80064K, reserved 1179648K
  class space    used 7805K, committed 8448K, reserved 1048576K
}
Event: 465.350 GC heap after
{Heap after GC invocations=253 (full 6):
 PSYoungGen      total 8704K, used 4461K [0x0000000755580000, 0x0000000756300000, 0x0000000800000000)
  eden space 3072K, 0% used [0x0000000755580000,0x0000000755580000,0x0000000755880000)
  from space 5632K, 79% used [0x0000000755880000,0x0000000755cdb690,0x0000000755e00000)
  to   space 5120K, 0% used [0x0000000755e00000,0x0000000755e00000,0x0000000756300000)
 ParOldGen       total 5592576K, used 149141K [0x0000000600000000, 0x0000000755580000, 0x0000000755580000)
  object space 5592576K, 2% used [0x0000000600000000,0x00000006091a5520,0x0000000755580000)
 Metaspace       used 78637K, committed 80064K, reserved 1179648K
  class space    used 7805K, committed 8448K, reserved 1048576K
}
Event: 465.363 GC heap before
{Heap before GC invocations=254 (full 6):
 PSYoungGen      total 8704K, used 7533K [0x0000000755580000, 0x0000000756300000, 0x0000000800000000)
  eden space 3072K, 100% used [0x0000000755580000,0x0000000755880000,0x0000000755880000)
  from space 5632K, 79% used [0x0000000755880000,0x0000000755cdb690,0x0000000755e00000)
  to   space 5120K, 0% used [0x0000000755e00000,0x0000000755e00000,0x0000000756300000)
 ParOldGen       total 5592576K, used 149141K [0x0000000600000000, 0x0000000755580000, 0x0000000755580000)
  object space 5592576K, 2% used [0x0000000600000000,0x00000006091a5520,0x0000000755580000)
 Metaspace       used 78637K, committed 80064K, reserved 1179648K
  class space    used 7805K, committed 8448K, reserved 1048576K
}
Event: 465.366 GC heap after
{Heap after GC invocations=254 (full 6):
 PSYoungGen      total 8192K, used 4547K [0x0000000755580000, 0x0000000756280000, 0x0000000800000000)
  eden space 3584K, 0% used [0x0000000755580000,0x0000000755580000,0x0000000755900000)
  from space 4608K, 98% used [0x0000000755e00000,0x0000000756270ce0,0x0000000756280000)
  to   space 4608K, 0% used [0x0000000755980000,0x0000000755980000,0x0000000755e00000)
 ParOldGen       total 5592576K, used 149189K [0x0000000600000000, 0x0000000755580000, 0x0000000755580000)
  object space 5592576K, 2% used [0x0000000600000000,0x00000006091b1520,0x0000000755580000)
 Metaspace       used 78637K, committed 80064K, reserved 1179648K
  class space    used 7805K, committed 8448K, reserved 1048576K
}

